e:\roamingsystem\roamingsystem\roamingsystem\x64\release\vc143.pdb
e:\roamingsystem\roamingsystem\roamingsystem\x64\release\glad.obj
e:\roamingsystem\roamingsystem\roamingsystem\x64\release\scenesettings.obj
e:\roamingsystem\roamingsystem\roamingsystem\x64\release\waterframebuffers.obj
e:\roamingsystem\roamingsystem\roamingsystem\x64\release\water.obj
e:\roamingsystem\roamingsystem\roamingsystem\x64\release\terrain.obj
e:\roamingsystem\roamingsystem\roamingsystem\x64\release\heightmaploader.obj
e:\roamingsystem\roamingsystem\roamingsystem\x64\release\roamingapp.obj
e:\roamingsystem\roamingsystem\roamingsystem\x64\release\application.obj
e:\roamingsystem\roamingsystem\roamingsystem\x64\release\skybox.obj
e:\roamingsystem\roamingsystem\roamingsystem\x64\release\cubemap.obj
e:\roamingsystem\roamingsystem\roamingsystem\x64\release\mesh.obj
e:\roamingsystem\roamingsystem\roamingsystem\x64\release\texture.obj
e:\roamingsystem\roamingsystem\roamingsystem\x64\release\stb_image_impl.obj
e:\roamingsystem\roamingsystem\roamingsystem\x64\release\shader.obj
e:\roamingsystem\roamingsystem\roamingsystem\x64\release\imgui_widgets.obj
e:\roamingsystem\roamingsystem\roamingsystem\x64\release\imgui_tables.obj
e:\roamingsystem\roamingsystem\roamingsystem\x64\release\imgui_impl_opengl3.obj
e:\roamingsystem\roamingsystem\roamingsystem\x64\release\imgui_impl_glfw.obj
e:\roamingsystem\roamingsystem\roamingsystem\x64\release\imgui_draw.obj
e:\roamingsystem\roamingsystem\roamingsystem\x64\release\imgui_demo.obj
e:\roamingsystem\roamingsystem\roamingsystem\x64\release\imgui.obj
e:\roamingsystem\roamingsystem\roamingsystem\x64\release\main.obj
e:\roamingsystem\roamingsystem\x64\release\roamingsystem.exe
e:\roamingsystem\roamingsystem\x64\release\roamingsystem.pdb
e:\roamingsystem\roamingsystem\roamingsystem\x64\release\roamingsystem.ipdb
e:\roamingsystem\roamingsystem\roamingsystem\x64\release\roamingsystem.iobj
e:\roamingsystem\roamingsystem\roamingsystem\x64\release\roamingsystem.tlog\cl.command.1.tlog
e:\roamingsystem\roamingsystem\roamingsystem\x64\release\roamingsystem.tlog\cl.items.tlog
e:\roamingsystem\roamingsystem\roamingsystem\x64\release\roamingsystem.tlog\cl.read.1.tlog
e:\roamingsystem\roamingsystem\roamingsystem\x64\release\roamingsystem.tlog\cl.write.1.tlog
e:\roamingsystem\roamingsystem\roamingsystem\x64\release\roamingsystem.tlog\link.command.1.tlog
e:\roamingsystem\roamingsystem\roamingsystem\x64\release\roamingsystem.tlog\link.read.1.tlog
e:\roamingsystem\roamingsystem\roamingsystem\x64\release\roamingsystem.tlog\link.secondary.1.tlog
e:\roamingsystem\roamingsystem\roamingsystem\x64\release\roamingsystem.tlog\link.write.1.tlog
