e:\roamingsystem\roamingsystem\roamingsystem\x64\debug\vc143.pdb
e:\roamingsystem\roamingsystem\roamingsystem\x64\debug\vc143.idb
e:\roamingsystem\roamingsystem\roamingsystem\x64\debug\main.obj
e:\roamingsystem\roamingsystem\roamingsystem\x64\debug\shader.obj
e:\roamingsystem\roamingsystem\roamingsystem\x64\debug\glad.obj
e:\roamingsystem\roamingsystem\roamingsystem\x64\debug\stb_image_impl.obj
e:\roamingsystem\roamingsystem\roamingsystem\x64\debug\imgui_widgets.obj
e:\roamingsystem\roamingsystem\roamingsystem\x64\debug\imgui_tables.obj
e:\roamingsystem\roamingsystem\roamingsystem\x64\debug\imgui_impl_glfw.obj
e:\roamingsystem\roamingsystem\roamingsystem\x64\debug\imgui_draw.obj
e:\roamingsystem\roamingsystem\roamingsystem\x64\debug\imgui_demo.obj
e:\roamingsystem\roamingsystem\roamingsystem\x64\debug\imgui.obj
e:\roamingsystem\roamingsystem\roamingsystem\x64\debug\imgui_impl_opengl3.obj
e:\roamingsystem\roamingsystem\x64\debug\roamingsystem.exe
e:\roamingsystem\roamingsystem\x64\debug\roamingsystem.pdb
e:\roamingsystem\roamingsystem\roamingsystem\x64\debug\roamingsystem.ilk
e:\roamingsystem\roamingsystem\roamingsystem\x64\debug\test.obj
e:\roamingsystem\roamingsystem\roamingsystem\x64\debug\roamingsystem.tlog\cl.command.1.tlog
e:\roamingsystem\roamingsystem\roamingsystem\x64\debug\roamingsystem.tlog\cl.items.tlog
e:\roamingsystem\roamingsystem\roamingsystem\x64\debug\roamingsystem.tlog\cl.read.1.tlog
e:\roamingsystem\roamingsystem\roamingsystem\x64\debug\roamingsystem.tlog\cl.write.1.tlog
e:\roamingsystem\roamingsystem\roamingsystem\x64\debug\roamingsystem.tlog\link.command.1.tlog
e:\roamingsystem\roamingsystem\roamingsystem\x64\debug\roamingsystem.tlog\link.read.1.tlog
e:\roamingsystem\roamingsystem\roamingsystem\x64\debug\roamingsystem.tlog\link.secondary.1.tlog
e:\roamingsystem\roamingsystem\roamingsystem\x64\debug\roamingsystem.tlog\link.write.1.tlog
